<?xml version="1.0" encoding="UTF-8"?>
<!-- Generated by org.testng.reporters.JUnitXMLReporter -->
<testsuite ignored="0" hostname="LNAR-5CG9196D0F" failures="0" tests="7" name="AppliVersion_1" time="103.063" errors="0" timestamp="29 Nov 2019 04:09:41 GMT">
  <testcase classname="com.hackathon.qa.testcases.AppliTest" name="loginuivalidation" time="11.62"/>
  <testcase classname="com.hackathon.qa.testcases.AppliTest" name="validloginTest" time="6.795"/>
  <testcase classname="com.hackathon.qa.testcases.AppliTest" name="invalidUsernameTest" time="6.302"/>
  <testcase classname="com.hackathon.qa.testcases.AppliTest" name="invalidPasswordTest" time="6.243"/>
  <testcase classname="com.hackathon.qa.testcases.AppliTest" name="canvasValidateTest" time="16.238"/>
  <testcase classname="com.hackathon.qa.testcases.AppliTest" name="VerifyFlashSaleTest" time="8.321"/>
  <testcase classname="com.hackathon.qa.testcases.AppliTest" name="verifyTransactionTableTest" time="10.124"/>
</testsuite> <!-- AppliVersion_1 -->
