<?xml version="1.0" encoding="UTF-8"?>
<!-- Generated by org.testng.reporters.JUnitXMLReporter -->
<testsuite ignored="0" hostname="LNAR-5CG9196D0F" failures="0" tests="7" name="LoginTest" time="163.598" errors="0" timestamp="29 Nov 2019 02:34:37 GMT">
  <testcase classname="com.hackathon.qa.testcases.TraditionalUITest" name="loginuivalidation" time="32.641"/>
  <testcase classname="com.hackathon.qa.testcases.TraditionalUITest" name="validloginTest" time="19.96"/>
  <testcase classname="com.hackathon.qa.testcases.TraditionalUITest" name="invalidUsernameTest" time="0.444"/>
  <testcase classname="com.hackathon.qa.testcases.TraditionalUITest" name="invalidPasswordTest" time="0.546"/>
  <testcase classname="com.hackathon.qa.testcases.TraditionalUITest" name="canvasValidateTest" time="23.348"/>
  <testcase classname="com.hackathon.qa.testcases.TraditionalUITest" name="VerifyFlashSaleTest" time="36.054"/>
  <testcase classname="com.hackathon.qa.testcases.TraditionalUITest" name="verifyTransactionTableTest" time="6.058"/>
</testsuite> <!-- LoginTest -->
