<?xml version="1.0" encoding="UTF-8"?>
<!-- Generated by org.testng.reporters.JUnitXMLReporter -->
<testsuite ignored="0" hostname="LNAR-5CG9196D0F" failures="0" tests="7" name="TraditionalVersion_2" time="162.541" errors="0" timestamp="29 Nov 2019 04:19:56 GMT">
  <testcase classname="com.hackathon.qa.testcases.TraditionalUITest" name="loginuivalidation" time="32.552"/>
  <testcase classname="com.hackathon.qa.testcases.TraditionalUITest" name="validloginTest" time="19.972"/>
  <testcase classname="com.hackathon.qa.testcases.TraditionalUITest" name="invalidUsernameTest" time="0.414"/>
  <testcase classname="com.hackathon.qa.testcases.TraditionalUITest" name="invalidPasswordTest" time="0.469"/>
  <testcase classname="com.hackathon.qa.testcases.TraditionalUITest" name="canvasValidateTest" time="23.292"/>
  <testcase classname="com.hackathon.qa.testcases.TraditionalUITest" name="VerifyFlashSaleTest" time="36.096"/>
  <testcase classname="com.hackathon.qa.testcases.TraditionalUITest" name="verifyTransactionTableTest" time="6.167"/>
</testsuite> <!-- TraditionalVersion_2 -->
