<?xml version="1.0" encoding="UTF-8"?>
<!-- Generated by org.testng.reporters.JUnitXMLReporter -->
<testsuite ignored="0" hostname="LNAR-5CG9196D0F" failures="0" tests="7" name="TraditionalVersion_1" time="67.266" errors="0" timestamp="29 Nov 2019 04:17:13 GMT">
  <testcase classname="com.hackathon.qa.testcases.TraditionalUITest" name="loginuivalidation" time="0.505"/>
  <testcase classname="com.hackathon.qa.testcases.TraditionalUITest" name="validloginTest" time="3.793"/>
  <testcase classname="com.hackathon.qa.testcases.TraditionalUITest" name="invalidUsernameTest" time="0.43"/>
  <testcase classname="com.hackathon.qa.testcases.TraditionalUITest" name="invalidPasswordTest" time="0.526"/>
  <testcase classname="com.hackathon.qa.testcases.TraditionalUITest" name="canvasValidateTest" time="7.191"/>
  <testcase classname="com.hackathon.qa.testcases.TraditionalUITest" name="VerifyFlashSaleTest" time="3.834"/>
  <testcase classname="com.hackathon.qa.testcases.TraditionalUITest" name="verifyTransactionTableTest" time="6.13"/>
</testsuite> <!-- TraditionalVersion_1 -->
