<?xml version="1.0" encoding="UTF-8"?>
<!-- Generated by org.testng.reporters.JUnitXMLReporter -->
<testsuite ignored="0" hostname="LNAR-5CG9196D0F" failures="0" tests="7" name="TraditionalVersion_1" time="66.351" errors="0" timestamp="29 Nov 2019 04:26:46 GMT">
  <testcase classname="com.hackathon.qa.testcases.TraditionalUITest" name="loginuivalidation" time="0.546"/>
  <testcase classname="com.hackathon.qa.testcases.TraditionalUITest" name="validloginTest" time="3.761"/>
  <testcase classname="com.hackathon.qa.testcases.TraditionalUITest" name="invalidUsernameTest" time="0.562"/>
  <testcase classname="com.hackathon.qa.testcases.TraditionalUITest" name="invalidPasswordTest" time="0.451"/>
  <testcase classname="com.hackathon.qa.testcases.TraditionalUITest" name="canvasValidateTest" time="7.168"/>
  <testcase classname="com.hackathon.qa.testcases.TraditionalUITest" name="VerifyFlashSaleTest" time="3.818"/>
  <testcase classname="com.hackathon.qa.testcases.TraditionalUITest" name="verifyTransactionTableTest" time="6.132"/>
</testsuite> <!-- TraditionalVersion_1 -->
