# JRE version: OpenJDK Runtime Environment (11.0.2+9) (build 11.0.2+9)
# Java VM: OpenJDK 64-Bit Server VM (11.0.2+9, mixed mode, tiered, compressed oops, g1 gc, windows-amd64)
Heap:
 garbage-first heap   total 129024K, used 51890K [0x0000000082600000, 0x0000000100000000)
  region size 1024K, 40 young (40960K), 3 survivors (3072K)
 Metaspace       used 30893K, capacity 31562K, committed 31616K, reserved 1077248K
  class space    used 3443K, capacity 3676K, committed 3712K, reserved 1048576K
GC Heap History (6 events):
Event: 2.263 GC heap before
{Heap before GC invocations=0 (full 0):
 garbage-first heap   total 129024K, used 29696K [0x0000000082600000, 0x0000000100000000)
  region size 1024K, 24 young (24576K), 0 survivors (0K)
 Metaspace       used 15648K, capacity 15979K, committed 16128K, reserved 1062912K
  class space    used 1569K, capacity 1665K, committed 1792K, reserved 1048576K
}
Event: 2.272 GC heap after
{Heap after GC invocations=1 (full 0):
 garbage-first heap   total 129024K, used 12557K [0x0000000082600000, 0x0000000100000000)
  region size 1024K, 3 young (3072K), 3 survivors (3072K)
 Metaspace       used 15648K, capacity 15979K, committed 16128K, reserved 1062912K
  class space    used 1569K, capacity 1665K, committed 1792K, reserved 1048576K
}
Event: 2.743 GC heap before
{Heap before GC invocations=1 (full 0):
 garbage-first heap   total 129024K, used 32013K [0x0000000082600000, 0x0000000100000000)
  region size 1024K, 22 young (22528K), 3 survivors (3072K)
 Metaspace       used 20551K, capacity 20911K, committed 20992K, reserved 1069056K
  class space    used 2114K, capacity 2224K, committed 2304K, reserved 1048576K
}
Event: 2.748 GC heap after
{Heap after GC invocations=2 (full 0):
 garbage-first heap   total 129024K, used 13958K [0x0000000082600000, 0x0000000100000000)
  region size 1024K, 2 young (2048K), 2 survivors (2048K)
 Metaspace       used 20551K, capacity 20911K, committed 20992K, reserved 1069056K
  class space    used 2114K, capacity 2224K, committed 2304K, reserved 1048576K
}
Event: 2.822 GC heap before
{Heap before GC invocations=2 (full 0):
 garbage-first heap   total 129024K, used 16006K [0x0000000082600000, 0x0000000100000000)
  region size 1024K, 5 young (5120K), 2 survivors (2048K)
 Metaspace       used 20869K, capacity 21199K, committed 21248K, reserved 1069056K
  class space    used 2137K, capacity 2256K, committed 2304K, reserved 1048576K
}
Event: 2.826 GC heap after
{Heap after GC invocations=3 (full 0):
 garbage-first heap   total 129024K, used 15026K [0x0000000082600000, 0x0000000100000000)
  region size 1024K, 3 young (3072K), 3 survivors (3072K)
 Metaspace       used 20869K, capacity 21199K, committed 21248K, reserved 1069056K
  class space    used 2137K, capacity 2256K, committed 2304K, reserved 1048576K
}

